  asteroid.cpp
  camera.cpp
C:\Users\danielcormier\Desktop\TextureDemo1\TextureDemo\camera.cpp(119): warning C4244: 'initializing': conversion from 'double' to 'float', possible loss of data
  game.cpp
C:\Users\danielcormier\Desktop\TextureDemo1\TextureDemo\game.cpp(20): warning C4305: 'initializing': truncation from 'double' to 'float'
C:\Users\danielcormier\Desktop\TextureDemo1\TextureDemo\game.cpp(96): warning C4244: 'argument': conversion from 'int' to 'GLfloat', possible loss of data
C:\Users\danielcormier\Desktop\TextureDemo1\TextureDemo\game.cpp(307): warning C4244: 'argument': conversion from 'int' to 'GLfloat', possible loss of data
  main.cpp
  resource.cpp
  resource_manager.cpp
C:\Users\danielcormier\Desktop\TextureDemo1\TextureDemo\resource_manager.cpp(57): warning C4018: '<': signed/unsigned mismatch
C:\Users\danielcormier\Desktop\TextureDemo1\TextureDemo\resource_manager.cpp(191): warning C4244: '=': conversion from 'double' to 'float', possible loss of data
C:\Users\danielcormier\Desktop\TextureDemo1\TextureDemo\resource_manager.cpp(196): warning C4244: '=': conversion from 'double' to 'float', possible loss of data
C:\Users\danielcormier\Desktop\TextureDemo1\TextureDemo\resource_manager.cpp(293): warning C4244: '=': conversion from 'double' to 'float', possible loss of data
  scene_graph.cpp
C:\Users\danielcormier\Desktop\TextureDemo1\TextureDemo\scene_graph.cpp(57): warning C4018: '<': signed/unsigned mismatch
C:\Users\danielcormier\Desktop\TextureDemo1\TextureDemo\scene_graph.cpp(88): warning C4018: '<': signed/unsigned mismatch
C:\Users\danielcormier\Desktop\TextureDemo1\TextureDemo\scene_graph.cpp(96): warning C4018: '<': signed/unsigned mismatch
  scene_node.cpp
  Generating Code...
  SOIL.lib(SOIL.obj) : MSIL .netmodule or module compiled with /GL found; restarting link with /LTCG; add /LTCG to the link command line to improve linker performance
LINK : warning LNK4075: ignoring '/INCREMENTAL' due to '/LTCG' specification
LINK : warning LNK4098: defaultlib 'LIBCMT' conflicts with use of other libs; use /NODEFAULTLIB:library
LINK : warning LNK4098: defaultlib 'MSVCRT' conflicts with use of other libs; use /NODEFAULTLIB:library
game.obj : error LNK2001: unresolved external symbol "public: __thiscall game::Player::Player(class std::basic_string<char,struct std::char_traits<char>,class std::allocator<char> >,class game::Resource const *,class game::Resource const *,class game::Resource const *)" (??0Player@game@@QAE@V?$basic_string@DU?$char_traits@D@std@@V?$allocator@D@2@@std@@PBVResource@1@11@Z)
C:\Users\danielcormier\Desktop\TextureDemo1\TextureDemo\bin\Debug\TextureDemo_d.exe : fatal error LNK1120: 1 unresolved externals
